<?xml version="1.0" encoding="UTF-8" ?>
<testsuite tests="24" failures="0" name="portaltech.test.acceptance.APIAcceptanceTest" time="0.008" errors="0" skipped="0">
  <properties>
    <property name="idea.version" value="2017.1.2"/>
    <property name="java.runtime.name" value="Java(TM) SE Runtime Environment"/>
    <property name="sun.boot.library.path" value="/Library/Java/JavaVirtualMachines/jdk1.8.0_45.jdk/Contents/Home/jre/lib"/>
    <property name="java.vm.version" value="25.45-b02"/>
    <property name="user.country.format" value="GB"/>
    <property name="gopherProxySet" value="false"/>
    <property name="java.vm.vendor" value="Oracle Corporation"/>
    <property name="maven.multiModuleProjectDirectory" value="/Volumes/SourceCode/PortalTech/portaltech-reply-test"/>
    <property name="java.vendor.url" value="http://java.oracle.com/"/>
    <property name="path.separator" value=":"/>
    <property name="guice.disable.misplaced.annotation.check" value="true"/>
    <property name="java.vm.name" value="Java HotSpot(TM) 64-Bit Server VM"/>
    <property name="file.encoding.pkg" value="sun.io"/>
    <property name="user.country" value="US"/>
    <property name="sun.java.launcher" value="SUN_STANDARD"/>
    <property name="sun.os.patch.level" value="unknown"/>
    <property name="java.vm.specification.name" value="Java Virtual Machine Specification"/>
    <property name="user.dir" value="/Volumes/SourceCode/PortalTech/portaltech-reply-test"/>
    <property name="java.runtime.version" value="1.8.0_45-b14"/>
    <property name="java.awt.graphicsenv" value="sun.awt.CGraphicsEnvironment"/>
    <property name="java.endorsed.dirs" value="/Library/Java/JavaVirtualMachines/jdk1.8.0_45.jdk/Contents/Home/jre/lib/endorsed"/>
    <property name="os.arch" value="x86_64"/>
    <property name="java.io.tmpdir" value="/var/folders/dc/mmjkb37d6654txv930hpgzd00000gn/T/"/>
    <property name="line.separator" value="
"/>
    <property name="java.vm.specification.vendor" value="Oracle Corporation"/>
    <property name="os.name" value="Mac OS X"/>
    <property name="classworlds.conf" value="/Users/joshuacurtis/Library/Application Support/JetBrains/Toolbox/apps/IDEA-U/ch-0/171.4249.39/IntelliJ IDEA.app/Contents/plugins/maven/lib/maven3/bin/m2.conf"/>
    <property name="sun.jnu.encoding" value="UTF-8"/>
    <property name="java.library.path" value="/Users/joshuacurtis/Library/Java/Extensions:/Library/Java/Extensions:/Network/Library/Java/Extensions:/System/Library/Java/Extensions:/usr/lib/java:."/>
    <property name="java.specification.name" value="Java Platform API Specification"/>
    <property name="java.class.version" value="52.0"/>
    <property name="sun.management.compiler" value="HotSpot 64-Bit Tiered Compilers"/>
    <property name="os.version" value="10.12.4"/>
    <property name="http.nonProxyHosts" value="local|*.local|169.254/16|*.169.254/16"/>
    <property name="user.home" value="/Users/joshuacurtis"/>
    <property name="user.timezone" value="Europe/London"/>
    <property name="java.awt.printerjob" value="sun.lwawt.macosx.CPrinterJob"/>
    <property name="java.specification.version" value="1.8"/>
    <property name="file.encoding" value="UTF-8"/>
    <property name="user.name" value="joshuacurtis"/>
    <property name="java.class.path" value="/Users/joshuacurtis/Library/Application Support/JetBrains/Toolbox/apps/IDEA-U/ch-0/171.4249.39/IntelliJ IDEA.app/Contents/plugins/maven/lib/maven3/boot/plexus-classworlds-2.5.2.jar:/Users/joshuacurtis/Library/Application Support/JetBrains/Toolbox/apps/IDEA-U/ch-0/171.4249.39/IntelliJ IDEA.app/Contents/lib/idea_rt.jar"/>
    <property name="java.vm.specification.version" value="1.8"/>
    <property name="sun.arch.data.model" value="64"/>
    <property name="java.home" value="/Library/Java/JavaVirtualMachines/jdk1.8.0_45.jdk/Contents/Home/jre"/>
    <property name="sun.java.command" value="org.codehaus.classworlds.Launcher -Didea.version=2017.1.2 verify"/>
    <property name="java.specification.vendor" value="Oracle Corporation"/>
    <property name="user.language" value="en"/>
    <property name="awt.toolkit" value="sun.lwawt.macosx.LWCToolkit"/>
    <property name="java.vm.info" value="mixed mode"/>
    <property name="java.version" value="1.8.0_45"/>
    <property name="java.ext.dirs" value="/Users/joshuacurtis/Library/Java/Extensions:/Library/Java/JavaVirtualMachines/jdk1.8.0_45.jdk/Contents/Home/jre/lib/ext:/Library/Java/Extensions:/Network/Library/Java/Extensions:/System/Library/Java/Extensions:/usr/lib/java"/>
    <property name="sun.boot.class.path" value="/Library/Java/JavaVirtualMachines/jdk1.8.0_45.jdk/Contents/Home/jre/lib/resources.jar:/Library/Java/JavaVirtualMachines/jdk1.8.0_45.jdk/Contents/Home/jre/lib/rt.jar:/Library/Java/JavaVirtualMachines/jdk1.8.0_45.jdk/Contents/Home/jre/lib/sunrsasign.jar:/Library/Java/JavaVirtualMachines/jdk1.8.0_45.jdk/Contents/Home/jre/lib/jsse.jar:/Library/Java/JavaVirtualMachines/jdk1.8.0_45.jdk/Contents/Home/jre/lib/jce.jar:/Library/Java/JavaVirtualMachines/jdk1.8.0_45.jdk/Contents/Home/jre/lib/charsets.jar:/Library/Java/JavaVirtualMachines/jdk1.8.0_45.jdk/Contents/Home/jre/lib/jfr.jar:/Library/Java/JavaVirtualMachines/jdk1.8.0_45.jdk/Contents/Home/jre/classes"/>
    <property name="java.vendor" value="Oracle Corporation"/>
    <property name="maven.home" value="/Users/joshuacurtis/Library/Application Support/JetBrains/Toolbox/apps/IDEA-U/ch-0/171.4249.39/IntelliJ IDEA.app/Contents/plugins/maven/lib/maven3"/>
    <property name="file.separator" value="/"/>
    <property name="java.vendor.url.bug" value="http://bugreport.sun.com/bugreport/"/>
    <property name="sun.cpu.endian" value="little"/>
    <property name="sun.io.unicode.encoding" value="UnicodeBig"/>
    <property name="socksNonProxyHosts" value="local|*.local|169.254/16|*.169.254/16"/>
    <property name="ftp.nonProxyHosts" value="local|*.local|169.254/16|*.169.254/16"/>
    <property name="sun.cpu.isalist" value=""/>
  </properties>
  <testcase classname="| United Kingdom | London | Europe | Northern Europe | British |" name="Given /rest/v1/all supports GET requests" time="0.003"/>
  <testcase classname="| United Kingdom | London | Europe | Northern Europe | British |" name="When a GET request is made to /rest/v1/all" time="0"/>
  <testcase classname="| United Kingdom | London | Europe | Northern Europe | British |" name="Then the status code returned should be 200" time="0"/>
  <testcase classname="| United Kingdom | London | Europe | Northern Europe | British |" name="And the response returned should adhere to the countries JSON schema" time="0.001"/>
  <testcase classname="| United Kingdom | London | Europe | Northern Europe | British |" name="And the country named &quot;United Kingdom&quot; should have the following values:" time="0"/>
  <testcase classname="| United Kingdom | London | Europe | Northern Europe | British |" name="| United Kingdom | London | Europe | Northern Europe | British |" time="0.001"/>
  <testcase classname="Scenario: GET to the /rest/v1/all endpoint to get all the countries of the world." name="Given /rest/v1/all supports GET requests" time="0"/>
  <testcase classname="Scenario: GET to the /rest/v1/all endpoint to get all the countries of the world." name="When a GET request is made to /rest/v1/all" time="0"/>
  <testcase classname="Scenario: GET to the /rest/v1/all endpoint to get all the countries of the world." name="Then the status code returned should be 200" time="0"/>
  <testcase classname="Scenario: GET to the /rest/v1/all endpoint to get all the countries of the world." name="And the response returned should adhere to the countries JSON schema" time="0"/>
  <testcase classname="Scenario: GET to the /rest/v1/all endpoint to get all the countries of the world." name="And there should be 250 countries returned" time="0"/>
  <testcase classname="Scenario: GET to the /rest/v1/all endpoint to get all the countries of the world." name="Scenario: GET to the /rest/v1/all endpoint to get all the countries of the world." time="0.001"/>
  <testcase classname="Scenario: PUT to the /rest/v1/all endpoint should return a 405" name="Given /rest/v1/all does not support PUT requests" time="0"/>
  <testcase classname="Scenario: PUT to the /rest/v1/all endpoint should return a 405" name="When a PUT request is made to /rest/v1/all" time="0"/>
  <testcase classname="Scenario: PUT to the /rest/v1/all endpoint should return a 405" name="Then the status code returned should be 405" time="0"/>
  <testcase classname="Scenario: PUT to the /rest/v1/all endpoint should return a 405" name="Scenario: PUT to the /rest/v1/all endpoint should return a 405" time="0"/>
  <testcase classname="Scenario: POST to the /rest/v1/all endpoint should return a 405" name="Given /rest/v1/all does not support POST requests" time="0"/>
  <testcase classname="Scenario: POST to the /rest/v1/all endpoint should return a 405" name="When a POST request is made to /rest/v1/all" time="0.001"/>
  <testcase classname="Scenario: POST to the /rest/v1/all endpoint should return a 405" name="Then the status code returned should be 405" time="0"/>
  <testcase classname="Scenario: POST to the /rest/v1/all endpoint should return a 405" name="Scenario: POST to the /rest/v1/all endpoint should return a 405" time="0.001"/>
  <testcase classname="Scenario: DELETE to the /rest/v1/all endpoint should return a 405" name="Given /rest/v1/all does not support DELETE requests" time="0"/>
  <testcase classname="Scenario: DELETE to the /rest/v1/all endpoint should return a 405" name="When a DELETE request is made to /rest/v1/all" time="0"/>
  <testcase classname="Scenario: DELETE to the /rest/v1/all endpoint should return a 405" name="Then the status code returned should be 405" time="0"/>
  <testcase classname="Scenario: DELETE to the /rest/v1/all endpoint should return a 405" name="Scenario: DELETE to the /rest/v1/all endpoint should return a 405" time="0"/>
</testsuite>